total 96K
drwxr-xr-x   1 root root 4.0K Jul  2 13:16 .
drwxr-xr-x   1 root root 4.0K Jul  2 13:16 ..
-rwxr-xr-x   1 root root    0 Jul  2 13:16 .dockerenv
-rw-r--r--   1 root root  12K Mar  5 17:36 anaconda-post.log
-rwxr-xr-x   1 root root  182 Jan  1  1970 apply.sh
lrwxrwxrwx   1 root root    7 Mar  5 17:34 bin -> usr/bin
drwxr-xr-x  17 root root 4.2K Jul  2 13:16 dev
drwxr-xr-x   1 root root 4.0K Jul  2 13:16 etc
drwxr-xr-x   2 root root 4.0K Apr 11  2018 home
-rw-r--r--   1 root root 5.6K Jan  1  1970 kubeconfig.kubeconfig
lrwxrwxrwx   1 root root    7 Mar  5 17:34 lib -> usr/lib
lrwxrwxrwx   1 root root    9 Mar  5 17:34 lib64 -> usr/lib64
-rw-r--r--   1 root root  13K Jan  1  1970 list.yaml
drwxr-xr-x   2 root root 4.0K Apr 11  2018 media
drwxr-xr-x   2 root root 4.0K Apr 11  2018 mnt
-rw-r--r--   1 root root    9 Jan  1  1970 namespace-file
drwxr-xr-x   2 root root 4.0K Apr 11  2018 opt
dr-xr-xr-x 405 root root    0 Jul  1 10:24 proc
dr-xr-x---   1 root root 4.0K May  2 11:46 root
drwxr-xr-x   1 root root 4.0K May  2 12:17 run
lrwxrwxrwx   1 root root    8 Mar  5 17:34 sbin -> usr/sbin
drwxr-xr-x   2 root root 4.0K Apr 11  2018 srv
dr-xr-xr-x  13 root root    0 Jul  2 13:14 sys
drwxrwxrwt   1 root root 4.0K May  2 12:17 tmp
drwxr-xr-x   1 root root 4.0K Mar  5 17:34 usr
drwxr-xr-x   1 root root 4.0K Mar  5 17:34 var
template.template.openshift.io/jenkins-ephemeral created
